#
# A fatal error has been detected by the Java Runtime Environment:
#
#  EXCEPTION_ACCESS_VIOLATION (0xc0000005) at pc=0x00007ffa36270791, pid=26920, tid=17164
#
# JRE version: Java(TM) SE Runtime Environment (17.0.8+9) (build 17.0.8+9-LTS-211)
# Java VM: Java HotSpot(TM) 64-Bit Server VM (17.0.8+9-LTS-211, mixed mode, sharing, tiered, compressed oops, compressed class ptrs, g1 gc, windows-amd64)
# Problematic frame:
# C  [ntdll.dll+0x20791]
#
# No core dump will be written. Minidumps are not enabled by default on client versions of Windows
#
# If you would like to submit a bug report, please visit:
#   https://bugreport.java.com/bugreport/crash.jsp
# The crash happened outside the Java Virtual Machine in native code.
# See problematic frame for where to report the bug.
#

---------------  S U M M A R Y ------------

Command Line: -javaagent:C:\Program Files\JetBrains\IntelliJ IDEA Community Edition 2024.1\lib\idea_rt.jar=58559:C:\Program Files\JetBrains\IntelliJ IDEA Community Edition 2024.1\bin -Dfile.encoding=UTF-8 main.Main

Host: AMD Ryzen 5 6600H with Radeon Graphics         , 12 cores, 15G,  Windows 11 , 64 bit Build 22621 (10.0.22621.3672)
Time: Fri Jul  5 19:40:41 2024 Malay Peninsula Standard Time elapsed time: 42.707589 seconds (0d 0h 0m 42s)

---------------  T H R E A D  ---------------

Current thread (0x0000021b9310f060):  JavaThread "AWT-EventQueue-0" [_thread_in_native, id=17164, stack(0x00000068fa400000,0x00000068fa500000)]

Stack: [0x00000068fa400000,0x00000068fa500000],  sp=0x00000068fa4fcfe0,  free space=1011k
Native frames: (J=compiled Java code, j=interpreted, Vv=VM code, C=native code)
C  [ntdll.dll+0x20791]
C  [ntdll.dll+0x1e740]
C  [ntdll.dll+0xa403e]
C  [ntdll.dll+0x33faa]
C  [ntdll.dll+0x21ce4]
C  [ntdll.dll+0x21ad2]
C  0x00007ff9f8e6815a

Java frames: (J=compiled Java code, j=interpreted, Vv=VM code)
j  sun.java2d.d3d.D3DSurfaceData.initOps(III)V+0 java.desktop@17.0.8
j  sun.java2d.d3d.D3DSurfaceData.<init>(Lsun/awt/windows/WComponentPeer;Lsun/java2d/d3d/D3DGraphicsConfig;IILjava/awt/Image;Ljava/awt/image/ColorModel;IILsun/java2d/pipe/hw/ExtendedBufferCapabilities$VSyncType;I)V+212 java.desktop@17.0.8
j  sun.java2d.d3d.D3DSurfaceData.createData(Lsun/java2d/d3d/D3DGraphicsConfig;IILjava/awt/image/ColorModel;Ljava/awt/Image;I)Lsun/java2d/d3d/D3DSurfaceData;+70 java.desktop@17.0.8
j  sun.java2d.d3d.D3DVolatileSurfaceManager.initAcceleratedSurface()Lsun/java2d/SurfaceData;+142 java.desktop@17.0.8
j  sun.java2d.d3d.D3DVolatileSurfaceManager.restoreAcceleratedSurface()V+49 java.desktop@17.0.8
J 2017 c1 sun.awt.image.VolatileSurfaceManager.validate(Ljava/awt/GraphicsConfiguration;)I java.desktop@17.0.8 (213 bytes) @ 0x0000021ba1ce7f4c [0x0000021ba1ce7a00+0x000000000000054c]
J 1987 c1 javax.swing.RepaintManager$PaintManager.paint(Ljavax/swing/JComponent;Ljavax/swing/JComponent;Ljava/awt/Graphics;IIII)Z java.desktop@17.0.8 (201 bytes) @ 0x0000021ba1cd1354 [0x0000021ba1cd0b80+0x00000000000007d4]
J 1931 c1 javax.swing.RepaintManager.paint(Ljavax/swing/JComponent;Ljavax/swing/JComponent;Ljava/awt/Graphics;IIII)V java.desktop@17.0.8 (94 bytes) @ 0x0000021ba1ca065c [0x0000021ba1ca02a0+0x00000000000003bc]
J 1855 c1 javax.swing.JComponent._paintImmediately(IIII)V java.desktop@17.0.8 (891 bytes) @ 0x0000021ba1c526ec [0x0000021ba1c4fbe0+0x0000000000002b0c]
J 1948 c1 javax.swing.JComponent.paintImmediately(IIII)V java.desktop@17.0.8 (155 bytes) @ 0x0000021ba1cb767c [0x0000021ba1cb6800+0x0000000000000e7c]
J 1840 c1 javax.swing.RepaintManager$4.run()Ljava/lang/Void; java.desktop@17.0.8 (277 bytes) @ 0x0000021ba1c443f4 [0x0000021ba1c43d00+0x00000000000006f4]
J 1943 c1 javax.swing.RepaintManager.paintDirtyRegions(Ljava/util/Map;)V java.desktop@17.0.8 (196 bytes) @ 0x0000021ba1cad8dc [0x0000021ba1cac720+0x00000000000011bc]
J 1832 c1 javax.swing.RepaintManager.paintDirtyRegions()V java.desktop@17.0.8 (50 bytes) @ 0x0000021ba1c3fe5c [0x0000021ba1c3fc60+0x00000000000001fc]
J 1942 c1 javax.swing.RepaintManager.prePaintDirtyRegions()V java.desktop@17.0.8 (91 bytes) @ 0x0000021ba1cabd5c [0x0000021ba1cab7c0+0x000000000000059c]
J 1830 c1 javax.swing.RepaintManager$ProcessingRunnable.run()V java.desktop@17.0.8 (41 bytes) @ 0x0000021ba1c3f7cc [0x0000021ba1c3f660+0x000000000000016c]
J 1672 c1 java.awt.event.InvocationEvent.dispatch()V java.desktop@17.0.8 (69 bytes) @ 0x0000021ba1bd511c [0x0000021ba1bd4f00+0x000000000000021c]
J 2167 c1 java.awt.EventQueue.dispatchEventImpl(Ljava/awt/AWTEvent;Ljava/lang/Object;)V java.desktop@17.0.8 (136 bytes) @ 0x0000021ba1d0d0cc [0x0000021ba1d0b5e0+0x0000000000001aec]
J 1637 c1 java.awt.EventQueue$4.run()Ljava/lang/Void; java.desktop@17.0.8 (60 bytes) @ 0x0000021ba1bca5a4 [0x0000021ba1bca460+0x0000000000000144]
J 2172 c1 java.awt.EventQueue.dispatchEvent(Ljava/awt/AWTEvent;)V java.desktop@17.0.8 (80 bytes) @ 0x0000021ba1d0e5e4 [0x0000021ba1d0e040+0x00000000000005a4]
J 2152 c2 java.awt.EventDispatchThread.pumpOneEventForFilters(I)V java.desktop@17.0.8 (113 bytes) @ 0x0000021ba953c930 [0x0000021ba953c540+0x00000000000003f0]
j  java.awt.EventDispatchThread.pumpEventsForFilter(ILjava/awt/Conditional;Ljava/awt/EventFilter;)V+35 java.desktop@17.0.8
j  java.awt.EventDispatchThread.pumpEventsForHierarchy(ILjava/awt/Conditional;Ljava/awt/Component;)V+11 java.desktop@17.0.8
j  java.awt.EventDispatchThread.pumpEvents(ILjava/awt/Conditional;)V+4 java.desktop@17.0.8
j  java.awt.EventDispatchThread.pumpEvents(Ljava/awt/Conditional;)V+3 java.desktop@17.0.8
j  java.awt.EventDispatchThread.run()V+9 java.desktop@17.0.8
v  ~StubRoutines::call_stub

siginfo: EXCEPTION_ACCESS_VIOLATION (0xc0000005), reading address 0x00007ff9f8fecc7c


Register to memory mapping:

RIP=0x00007ffa36270791 ntdll.dll
RAX=0x00000000000007b5 is an unknown value
RBX=0x000000000001815a is an unknown value
RCX=0x00000000000007b5 is an unknown value
RDX=0x000000000000171f is an unknown value
RSP=0x00000068fa4fcfe0 is pointing into the stack for thread: 0x0000021b9310f060
RBP=0x00000068fa4fd590 is pointing into the stack for thread: 0x0000021b9310f060
RSI=0x0 is NULL
RDI=0x00007ff9f8fe7000 is an unknown value
R8 =0x0000000000000f6a is an unknown value
R9 =0x0 is NULL
R10=0x00007ff9f8fecc7c is an unknown value
R11=0x000000000013eb90 is an unknown value
R12=0x00007ff9f8e6815a is an unknown value
R13=0x00000068fa4fd090 is pointing into the stack for thread: 0x0000021b9310f060
R14=0x00000068fa4fd650 is pointing into the stack for thread: 0x0000021b9310f060
R15=0x00000068fa4fd5c8 is pointing into the stack for thread: 0x0000021b9310f060


Registers:
RAX=0x00000000000007b5, RBX=0x000000000001815a, RCX=0x00000000000007b5, RDX=0x000000000000171f
RSP=0x00000068fa4fcfe0, RBP=0x00000068fa4fd590, RSI=0x0000000000000000, RDI=0x00007ff9f8fe7000
R8 =0x0000000000000f6a, R9 =0x0000000000000000, R10=0x00007ff9f8fecc7c, R11=0x000000000013eb90
R12=0x00007ff9f8e6815a, R13=0x00000068fa4fd090, R14=0x00000068fa4fd650, R15=0x00000068fa4fd5c8
RIP=0x00007ffa36270791, EFLAGS=0x0000000000010212

Top of Stack: (sp=0x00000068fa4fcfe0)
0x00000068fa4fcfe0:   00007ff9f8e6815a 00007ff9f8fe7000
0x00000068fa4fcff0:   00000068fa4fdc70 0000000000000000
0x00000068fa4fd000:   00007ff9f8fe7000 00007ff9f8e50000
0x00000068fa4fd010:   0000b910001a8000 00000068fa4fdc70
0x00000068fa4fd020:   00000068fa4fd780 00007ffa3626e740
0x00000068fa4fd030:   00000068fa4fdc70 0000000000000000
0x00000068fa4fd040:   0000000000000000 0000000000000000
0x00000068fa4fd050:   00000068fa4fd090 0000000000000000
0x00000068fa4fd060:   00000068fa4fd5b0 00000068fa4fd5a0
0x00000068fa4fd070:   00000068fa4fd5a8 00000068fa4fd630
0x00000068fa4fd080:   0000000000000000 00000000801fde20
0x00000068fa4fd090:   407c5000801fc818 00000000801fd8e8
0x00000068fa4fd0a0:   4041800042e00000 0000000000000000
0x00000068fa4fd0b0:   407c8400420c0000 0000000000000000
0x00000068fa4fd0c0:   00001fa20010000f 0000000000000033
0x00000068fa4fd0d0:   00010213002b0000 0000000000000000 

Instructions: (pc=0x00007ffa36270791)
0x00007ffa36270691:   0f 10 40 70 0f 11 44 11 f0 0f 10 0c 10 0f 11 0c
0x00007ffa362706a1:   11 0f 10 44 10 10 0f 11 44 11 10 48 8b 5c 24 30
0x00007ffa362706b1:   48 8b 74 24 38 48 83 c4 20 5f c3 cc 23 ca 3b ca
0x00007ffa362706c1:   0f 85 38 fe ff ff e9 f4 b2 08 00 cc cc cc cc cc
0x00007ffa362706d1:   cc cc cc cc cc cc cc 71 62 50 34 55 bf e5 cf 48
0x00007ffa362706e1:   89 5c 24 18 4c 89 74 24 20 41 57 48 83 ec 40 4d
0x00007ffa362706f1:   8b f0 4c 8b fa 48 8b d9 4d 85 c0 0f 85 f9 00 00
0x00007ffa36270701:   00 48 8b 0d 2f ae 17 00 48 89 74 24 50 48 89 7c
0x00007ffa36270711:   24 58 48 3b d9 0f 83 86 01 00 00 48 8d 54 24 20
0x00007ffa36270721:   48 8b cb e8 37 03 00 00 48 8b f8 48 85 ff 0f 84
0x00007ffa36270731:   f5 02 00 00 48 8b 4c 24 28 48 b8 ab aa aa aa aa
0x00007ffa36270741:   aa aa aa 49 89 0f 33 f6 8b 4c 24 34 48 f7 e1 48
0x00007ffa36270751:   c1 ea 03 85 d2 74 65 49 2b 1f 8d 42 ff 48 8d 04
0x00007ffa36270761:   40 44 8b 1c 87 4c 8d 14 87 49 3b db 73 3a 44 8d
0x00007ffa36270771:   42 fe 44 8b ce 45 85 c0 78 2e 0f 1f 44 00 00 43
0x00007ffa36270781:   8d 04 08 d1 f8 48 63 c8 48 8d 14 49 4c 8d 14 97
0x00007ffa36270791:   8b 14 97 48 3b da 0f 83 ec 00 00 00 44 8d 40 ff
0x00007ffa362707a1:   44 8b da 45 3b c1 7d d7 41 8b c3 48 3b d8 72 0c
0x00007ffa362707b1:   41 8b 42 04 48 3b d8 73 03 49 8b f2 48 8b 7c 24
0x00007ffa362707c1:   58 48 85 f6 74 09 4d 85 f6 0f 85 08 01 00 00 48
0x00007ffa362707d1:   8b c6 48 85 f6 74 0c 8b 4e 08 f6 c1 01 0f 85 59
0x00007ffa362707e1:   02 00 00 48 8b 74 24 50 48 8b 5c 24 60 4c 8b 74
0x00007ffa362707f1:   24 68 48 83 c4 40 41 5f c3 cc 41 80 78 07 00 4c
0x00007ffa36270801:   8d 1d 39 ac 17 00 0f 85 c9 01 00 00 41 80 78 06
0x00007ffa36270811:   00 0f 84 ea fe ff ff 48 3b 1d 29 ac 17 00 0f 83
0x00007ffa36270821:   3d 01 00 00 49 3b 5e 08 0f 82 d3 fe ff ff 49 3b
0x00007ffa36270831:   5e 10 0f 83 c9 fe ff ff 45 0f b6 56 04 45 8b 06
0x00007ffa36270841:   41 8b d2 45 3b d0 0f 83 b5 fe ff ff 8b ca 8b c2
0x00007ffa36270851:   48 03 c0 4d 8b 4c c6 18 48 8d 41 02 48 03 c0 49
0x00007ffa36270861:   8b 0c c6 8b 01 49 03 c1 48 3b d8 72 0f 8b 41 04
0x00007ffa36270871:   49 03 c1 48 3b d8 0f 82 bb 00 00 00 ff c2 41 3b
0x00007ffa36270881:   d0 72 c9 e9 79 fe ff ff 41 8b 4a 0c 44 8b da 48 


Stack slot to memory mapping:
stack at sp + 0 slots: 0x00007ff9f8e6815a is an unknown value
stack at sp + 1 slots: 0x00007ff9f8fe7000 is an unknown value
stack at sp + 2 slots: 0x00000068fa4fdc70 is pointing into the stack for thread: 0x0000021b9310f060
stack at sp + 3 slots: 0x0 is NULL
stack at sp + 4 slots: 0x00007ff9f8fe7000 is an unknown value
stack at sp + 5 slots: 0x00007ff9f8e50000 is an unknown value
stack at sp + 6 slots: 0x0000b910001a8000 is an unknown value
stack at sp + 7 slots: 0x00000068fa4fdc70 is pointing into the stack for thread: 0x0000021b9310f060


---------------  P R O C E S S  ---------------

Threads class SMR info:
_java_thread_list=0x0000021b93837cd0, length=19, elements={
0x0000021bbcb9cf40, 0x0000021bbcb9dbb0, 0x0000021bbcbafce0, 0x0000021bbcbb0690,
0x0000021bbcbb1040, 0x0000021bbcbb2a00, 0x0000021bbcbb3da0, 0x0000021bbcbb9540,
0x0000021bbcbb9a50, 0x0000021bbcb84ae0, 0x0000021bfe1df420, 0x0000021bfe1df8f0,
0x0000021bfe39d060, 0x0000021bfe3671a0, 0x0000021b9310f060, 0x0000021b93453010,
0x0000021b93450990, 0x0000021b93451cd0, 0x0000021b93451330
}

Java Threads: ( => current thread )
  0x0000021bbcb9cf40 JavaThread "Reference Handler" daemon [_thread_blocked, id=10200, stack(0x00000068f7e00000,0x00000068f7f00000)]
  0x0000021bbcb9dbb0 JavaThread "Finalizer" daemon [_thread_blocked, id=1632, stack(0x00000068f7f00000,0x00000068f8000000)]
  0x0000021bbcbafce0 JavaThread "Signal Dispatcher" daemon [_thread_blocked, id=33132, stack(0x00000068f8000000,0x00000068f8100000)]
  0x0000021bbcbb0690 JavaThread "Attach Listener" daemon [_thread_blocked, id=10544, stack(0x00000068f8100000,0x00000068f8200000)]
  0x0000021bbcbb1040 JavaThread "Service Thread" daemon [_thread_blocked, id=20768, stack(0x00000068f8200000,0x00000068f8300000)]
  0x0000021bbcbb2a00 JavaThread "Monitor Deflation Thread" daemon [_thread_blocked, id=4144, stack(0x00000068f8300000,0x00000068f8400000)]
  0x0000021bbcbb3da0 JavaThread "C2 CompilerThread0" daemon [_thread_blocked, id=28612, stack(0x00000068f8400000,0x00000068f8500000)]
  0x0000021bbcbb9540 JavaThread "C1 CompilerThread0" daemon [_thread_blocked, id=23440, stack(0x00000068f8500000,0x00000068f8600000)]
  0x0000021bbcbb9a50 JavaThread "Sweeper thread" daemon [_thread_blocked, id=33376, stack(0x00000068f8600000,0x00000068f8700000)]
  0x0000021bbcb84ae0 JavaThread "Common-Cleaner" daemon [_thread_blocked, id=8640, stack(0x00000068f8700000,0x00000068f8800000)]
  0x0000021bfe1df420 JavaThread "Monitor Ctrl-Break" daemon [_thread_in_native, id=29496, stack(0x00000068f8800000,0x00000068f8900000)]
  0x0000021bfe1df8f0 JavaThread "Notification Thread" daemon [_thread_blocked, id=32660, stack(0x00000068f8900000,0x00000068f8a00000)]
  0x0000021bfe39d060 JavaThread "Java2D Disposer" daemon [_thread_blocked, id=32800, stack(0x00000068f8b00000,0x00000068f8c00000)]
  0x0000021bfe3671a0 JavaThread "AWT-Shutdown" [_thread_blocked, id=26016, stack(0x00000068f8c00000,0x00000068f8d00000)]
=>0x0000021b9310f060 JavaThread "AWT-EventQueue-0" [_thread_in_native, id=17164, stack(0x00000068fa400000,0x00000068fa500000)]
  0x0000021b93453010 JavaThread "Thread-0" [_thread_in_Java, id=29344, stack(0x00000068fa600000,0x00000068fa700000)]
  0x0000021b93450990 JavaThread "DestroyJavaVM" [_thread_blocked, id=33368, stack(0x00000068f7700000,0x00000068f7800000)]
  0x0000021b93451cd0 JavaThread "SIGINT handler" daemon [_thread_blocked, id=12932, stack(0x00000068f9c00000,0x00000068f9d00000)]
  0x0000021b93451330 JavaThread "ToolkitShutdown" daemon [_thread_in_native, id=5140, stack(0x00000068fad00000,0x00000068fae00000)]

Other Threads:
  0x0000021bbcb96030 VMThread "VM Thread" [stack: 0x00000068f7d00000,0x00000068f7e00000] [id=18708]
  0x0000021b9a1342d0 WatcherThread [stack: 0x00000068f8a00000,0x00000068f8b00000] [id=26740]
  0x0000021b9a109e50 GCTaskThread "GC Thread#0" [stack: 0x00000068f7800000,0x00000068f7900000] [id=33388]
  0x0000021b930f5fe0 GCTaskThread "GC Thread#1" [stack: 0x00000068f9d00000,0x00000068f9e00000] [id=28564]
  0x0000021b931866f0 GCTaskThread "GC Thread#2" [stack: 0x00000068f9e00000,0x00000068f9f00000] [id=14084]
  0x0000021b931869a0 GCTaskThread "GC Thread#3" [stack: 0x00000068f9f00000,0x00000068fa000000] [id=27136]
  0x0000021b93186c50 GCTaskThread "GC Thread#4" [stack: 0x00000068fa000000,0x00000068fa100000] [id=16956]
  0x0000021b9323f680 GCTaskThread "GC Thread#5" [stack: 0x00000068fa100000,0x00000068fa200000] [id=30444]
  0x0000021b9323fb40 GCTaskThread "GC Thread#6" [stack: 0x00000068fa200000,0x00000068fa300000] [id=9256]
  0x0000021b93240200 GCTaskThread "GC Thread#7" [stack: 0x00000068fa300000,0x00000068fa400000] [id=23292]
  0x0000021b933c37e0 GCTaskThread "GC Thread#8" [stack: 0x00000068f9a00000,0x00000068f9b00000] [id=23192]
  0x0000021b933c2510 GCTaskThread "GC Thread#9" [stack: 0x00000068fa700000,0x00000068fa800000] [id=31796]
  0x0000021b9a11a0a0 ConcurrentGCThread "G1 Main Marker" [stack: 0x00000068f7900000,0x00000068f7a00000] [id=33068]
  0x0000021b9a11b250 ConcurrentGCThread "G1 Conc#0" [stack: 0x00000068f7a00000,0x00000068f7b00000] [id=24780]
  0x0000021bbca334e0 ConcurrentGCThread "G1 Refine#0" [stack: 0x00000068f7b00000,0x00000068f7c00000] [id=14368]
  0x0000021bbca33f00 ConcurrentGCThread "G1 Service" [stack: 0x00000068f7c00000,0x00000068f7d00000] [id=31872]

Threads with active compile tasks:

VM state: not at safepoint (normal execution)

VM Mutex/Monitor currently owned by a thread: None

Heap address: 0x000000070ce00000, size: 3890 MB, Compressed Oops mode: Zero based, Oop shift amount: 3

CDS archive(s) mapped at: [0x0000021bbd000000-0x0000021bbdbd0000-0x0000021bbdbd0000), size 12386304, SharedBaseAddress: 0x0000021bbd000000, ArchiveRelocationMode: 1.
Compressed class space mapped at: 0x0000021bbe000000-0x0000021bfe000000, reserved size: 1073741824
Narrow klass base: 0x0000021bbd000000, Narrow klass shift: 0, Narrow klass range: 0x100000000

GC Precious Log:
 CPUs: 12 total, 12 available
 Memory: 15557M
 Large Page Support: Disabled
 NUMA Support: Disabled
 Compressed Oops: Enabled (Zero based)
 Heap Region Size: 2M
 Heap Min Capacity: 8M
 Heap Initial Capacity: 244M
 Heap Max Capacity: 3890M
 Pre-touch: Disabled
 Parallel Workers: 10
 Concurrent Workers: 3
 Concurrent Refinement Workers: 10
 Periodic GC: Disabled

Heap:
 garbage-first heap   total 249856K, used 75699K [0x000000070ce00000, 0x0000000800000000)
  region size 2048K, 32 young (65536K), 2 survivors (4096K)
 Metaspace       used 9547K, committed 9728K, reserved 1114112K
  class space    used 954K, committed 1024K, reserved 1048576K

Heap Regions: E=young(eden), S=young(survivor), O=old, HS=humongous(starts), HC=humongous(continues), CS=collection set, F=free, OA=open archive, CA=closed archive, TAMS=top-at-mark-start (previous, next)
|   0|0x000000070ce00000, 0x000000070d000000, 0x000000070d000000|100%|HS|  |TAMS 0x000000070ce00000, 0x000000070ce00000| Complete 
|   1|0x000000070d000000, 0x000000070d200000, 0x000000070d200000|100%| O|  |TAMS 0x000000070d000000, 0x000000070d000000| Untracked 
|   2|0x000000070d200000, 0x000000070d400000, 0x000000070d400000|100%| O|  |TAMS 0x000000070d200000, 0x000000070d200000| Untracked 
|   3|0x000000070d400000, 0x000000070d600000, 0x000000070d600000|100%|HS|  |TAMS 0x000000070d400000, 0x000000070d400000| Complete 
|   4|0x000000070d600000, 0x000000070d800000, 0x000000070d800000|100%|HS|  |TAMS 0x000000070d600000, 0x000000070d600000| Complete 
|   5|0x000000070d800000, 0x000000070da00000, 0x000000070da00000|100%| O|  |TAMS 0x000000070d800000, 0x000000070d800000| Untracked 
|   6|0x000000070da00000, 0x000000070db30e00, 0x000000070dc00000| 59%| O|  |TAMS 0x000000070da00000, 0x000000070da00000| Untracked 
|   7|0x000000070dc00000, 0x000000070dc00000, 0x000000070de00000|  0%| F|  |TAMS 0x000000070dc00000, 0x000000070dc00000| Untracked 
|   8|0x000000070de00000, 0x000000070de00000, 0x000000070e000000|  0%| F|  |TAMS 0x000000070de00000, 0x000000070de00000| Untracked 
|   9|0x000000070e000000, 0x000000070e000000, 0x000000070e200000|  0%| F|  |TAMS 0x000000070e000000, 0x000000070e000000| Untracked 
|  10|0x000000070e200000, 0x000000070e200000, 0x000000070e400000|  0%| F|  |TAMS 0x000000070e200000, 0x000000070e200000| Untracked 
|  11|0x000000070e400000, 0x000000070e400000, 0x000000070e600000|  0%| F|  |TAMS 0x000000070e400000, 0x000000070e400000| Untracked 
|  12|0x000000070e600000, 0x000000070e600000, 0x000000070e800000|  0%| F|  |TAMS 0x000000070e600000, 0x000000070e600000| Untracked 
|  13|0x000000070e800000, 0x000000070e800000, 0x000000070ea00000|  0%| F|  |TAMS 0x000000070e800000, 0x000000070e800000| Untracked 
|  14|0x000000070ea00000, 0x000000070ea00000, 0x000000070ec00000|  0%| F|  |TAMS 0x000000070ea00000, 0x000000070ea00000| Untracked 
|  15|0x000000070ec00000, 0x000000070ec00000, 0x000000070ee00000|  0%| F|  |TAMS 0x000000070ec00000, 0x000000070ec00000| Untracked 
|  16|0x000000070ee00000, 0x000000070ee00000, 0x000000070f000000|  0%| F|  |TAMS 0x000000070ee00000, 0x000000070ee00000| Untracked 
|  17|0x000000070f000000, 0x000000070f000000, 0x000000070f200000|  0%| F|  |TAMS 0x000000070f000000, 0x000000070f000000| Untracked 
|  18|0x000000070f200000, 0x000000070f200000, 0x000000070f400000|  0%| F|  |TAMS 0x000000070f200000, 0x000000070f200000| Untracked 
|  19|0x000000070f400000, 0x000000070f400000, 0x000000070f600000|  0%| F|  |TAMS 0x000000070f400000, 0x000000070f400000| Untracked 
|  20|0x000000070f600000, 0x000000070f600000, 0x000000070f800000|  0%| F|  |TAMS 0x000000070f600000, 0x000000070f600000| Untracked 
|  21|0x000000070f800000, 0x000000070f800000, 0x000000070fa00000|  0%| F|  |TAMS 0x000000070f800000, 0x000000070f800000| Untracked 
|  22|0x000000070fa00000, 0x000000070fa00000, 0x000000070fc00000|  0%| F|  |TAMS 0x000000070fa00000, 0x000000070fa00000| Untracked 
|  23|0x000000070fc00000, 0x000000070fc00000, 0x000000070fe00000|  0%| F|  |TAMS 0x000000070fc00000, 0x000000070fc00000| Untracked 
|  24|0x000000070fe00000, 0x000000070fe00000, 0x0000000710000000|  0%| F|  |TAMS 0x000000070fe00000, 0x000000070fe00000| Untracked 
|  25|0x0000000710000000, 0x0000000710000000, 0x0000000710200000|  0%| F|  |TAMS 0x0000000710000000, 0x0000000710000000| Untracked 
|  26|0x0000000710200000, 0x0000000710200000, 0x0000000710400000|  0%| F|  |TAMS 0x0000000710200000, 0x0000000710200000| Untracked 
|  27|0x0000000710400000, 0x0000000710400000, 0x0000000710600000|  0%| F|  |TAMS 0x0000000710400000, 0x0000000710400000| Untracked 
|  28|0x0000000710600000, 0x0000000710600000, 0x0000000710800000|  0%| F|  |TAMS 0x0000000710600000, 0x0000000710600000| Untracked 
|  29|0x0000000710800000, 0x0000000710800000, 0x0000000710a00000|  0%| F|  |TAMS 0x0000000710800000, 0x0000000710800000| Untracked 
|  30|0x0000000710a00000, 0x0000000710a00000, 0x0000000710c00000|  0%| F|  |TAMS 0x0000000710a00000, 0x0000000710a00000| Untracked 
|  31|0x0000000710c00000, 0x0000000710c00000, 0x0000000710e00000|  0%| F|  |TAMS 0x0000000710c00000, 0x0000000710c00000| Untracked 
|  32|0x0000000710e00000, 0x0000000710e00000, 0x0000000711000000|  0%| F|  |TAMS 0x0000000710e00000, 0x0000000710e00000| Untracked 
|  33|0x0000000711000000, 0x0000000711000000, 0x0000000711200000|  0%| F|  |TAMS 0x0000000711000000, 0x0000000711000000| Untracked 
|  34|0x0000000711200000, 0x0000000711200000, 0x0000000711400000|  0%| F|  |TAMS 0x0000000711200000, 0x0000000711200000| Untracked 
|  35|0x0000000711400000, 0x0000000711400000, 0x0000000711600000|  0%| F|  |TAMS 0x0000000711400000, 0x0000000711400000| Untracked 
|  36|0x0000000711600000, 0x0000000711600000, 0x0000000711800000|  0%| F|  |TAMS 0x0000000711600000, 0x0000000711600000| Untracked 
|  37|0x0000000711800000, 0x0000000711800000, 0x0000000711a00000|  0%| F|  |TAMS 0x0000000711800000, 0x0000000711800000| Untracked 
|  38|0x0000000711a00000, 0x0000000711a00000, 0x0000000711c00000|  0%| F|  |TAMS 0x0000000711a00000, 0x0000000711a00000| Untracked 
|  39|0x0000000711c00000, 0x0000000711c00000, 0x0000000711e00000|  0%| F|  |TAMS 0x0000000711c00000, 0x0000000711c00000| Untracked 
|  40|0x0000000711e00000, 0x0000000711e00000, 0x0000000712000000|  0%| F|  |TAMS 0x0000000711e00000, 0x0000000711e00000| Untracked 
|  41|0x0000000712000000, 0x0000000712000000, 0x0000000712200000|  0%| F|  |TAMS 0x0000000712000000, 0x0000000712000000| Untracked 
|  42|0x0000000712200000, 0x0000000712200000, 0x0000000712400000|  0%| F|  |TAMS 0x0000000712200000, 0x0000000712200000| Untracked 
|  43|0x0000000712400000, 0x0000000712400000, 0x0000000712600000|  0%| F|  |TAMS 0x0000000712400000, 0x0000000712400000| Untracked 
|  44|0x0000000712600000, 0x0000000712600000, 0x0000000712800000|  0%| F|  |TAMS 0x0000000712600000, 0x0000000712600000| Untracked 
|  45|0x0000000712800000, 0x0000000712800000, 0x0000000712a00000|  0%| F|  |TAMS 0x0000000712800000, 0x0000000712800000| Untracked 
|  46|0x0000000712a00000, 0x0000000712a00000, 0x0000000712c00000|  0%| F|  |TAMS 0x0000000712a00000, 0x0000000712a00000| Untracked 
|  47|0x0000000712c00000, 0x0000000712c00000, 0x0000000712e00000|  0%| F|  |TAMS 0x0000000712c00000, 0x0000000712c00000| Untracked 
|  48|0x0000000712e00000, 0x0000000712e00000, 0x0000000713000000|  0%| F|  |TAMS 0x0000000712e00000, 0x0000000712e00000| Untracked 
|  49|0x0000000713000000, 0x0000000713000000, 0x0000000713200000|  0%| F|  |TAMS 0x0000000713000000, 0x0000000713000000| Untracked 
|  50|0x0000000713200000, 0x0000000713200000, 0x0000000713400000|  0%| F|  |TAMS 0x0000000713200000, 0x0000000713200000| Untracked 
|  51|0x0000000713400000, 0x0000000713400000, 0x0000000713600000|  0%| F|  |TAMS 0x0000000713400000, 0x0000000713400000| Untracked 
|  52|0x0000000713600000, 0x0000000713600000, 0x0000000713800000|  0%| F|  |TAMS 0x0000000713600000, 0x0000000713600000| Untracked 
|  53|0x0000000713800000, 0x0000000713800000, 0x0000000713a00000|  0%| F|  |TAMS 0x0000000713800000, 0x0000000713800000| Untracked 
|  54|0x0000000713a00000, 0x0000000713a00000, 0x0000000713c00000|  0%| F|  |TAMS 0x0000000713a00000, 0x0000000713a00000| Untracked 
|  55|0x0000000713c00000, 0x0000000713c00000, 0x0000000713e00000|  0%| F|  |TAMS 0x0000000713c00000, 0x0000000713c00000| Untracked 
|  56|0x0000000713e00000, 0x0000000713e00000, 0x0000000714000000|  0%| F|  |TAMS 0x0000000713e00000, 0x0000000713e00000| Untracked 
|  57|0x0000000714000000, 0x0000000714000000, 0x0000000714200000|  0%| F|  |TAMS 0x0000000714000000, 0x0000000714000000| Untracked 
|  58|0x0000000714200000, 0x0000000714200000, 0x0000000714400000|  0%| F|  |TAMS 0x0000000714200000, 0x0000000714200000| Untracked 
|  59|0x0000000714400000, 0x0000000714400000, 0x0000000714600000|  0%| F|  |TAMS 0x0000000714400000, 0x0000000714400000| Untracked 
|  60|0x0000000714600000, 0x0000000714600000, 0x0000000714800000|  0%| F|  |TAMS 0x0000000714600000, 0x0000000714600000| Untracked 
|  61|0x0000000714800000, 0x0000000714800000, 0x0000000714a00000|  0%| F|  |TAMS 0x0000000714800000, 0x0000000714800000| Untracked 
|  62|0x0000000714a00000, 0x0000000714a00000, 0x0000000714c00000|  0%| F|  |TAMS 0x0000000714a00000, 0x0000000714a00000| Untracked 
|  63|0x0000000714c00000, 0x0000000714c00000, 0x0000000714e00000|  0%| F|  |TAMS 0x0000000714c00000, 0x0000000714c00000| Untracked 
|  64|0x0000000714e00000, 0x0000000714e00000, 0x0000000715000000|  0%| F|  |TAMS 0x0000000714e00000, 0x0000000714e00000| Untracked 
|  65|0x0000000715000000, 0x0000000715000000, 0x0000000715200000|  0%| F|  |TAMS 0x0000000715000000, 0x0000000715000000| Untracked 
|  66|0x0000000715200000, 0x0000000715200000, 0x0000000715400000|  0%| F|  |TAMS 0x0000000715200000, 0x0000000715200000| Untracked 
|  67|0x0000000715400000, 0x0000000715400000, 0x0000000715600000|  0%| F|  |TAMS 0x0000000715400000, 0x0000000715400000| Untracked 
|  68|0x0000000715600000, 0x0000000715600000, 0x0000000715800000|  0%| F|  |TAMS 0x0000000715600000, 0x0000000715600000| Untracked 
|  69|0x0000000715800000, 0x0000000715800000, 0x0000000715a00000|  0%| F|  |TAMS 0x0000000715800000, 0x0000000715800000| Untracked 
|  70|0x0000000715a00000, 0x0000000715a00000, 0x0000000715c00000|  0%| F|  |TAMS 0x0000000715a00000, 0x0000000715a00000| Untracked 
|  71|0x0000000715c00000, 0x0000000715c00000, 0x0000000715e00000|  0%| F|  |TAMS 0x0000000715c00000, 0x0000000715c00000| Untracked 
|  72|0x0000000715e00000, 0x0000000715e00000, 0x0000000716000000|  0%| F|  |TAMS 0x0000000715e00000, 0x0000000715e00000| Untracked 
|  73|0x0000000716000000, 0x0000000716000000, 0x0000000716200000|  0%| F|  |TAMS 0x0000000716000000, 0x0000000716000000| Untracked 
|  74|0x0000000716200000, 0x0000000716200000, 0x0000000716400000|  0%| F|  |TAMS 0x0000000716200000, 0x0000000716200000| Untracked 
|  75|0x0000000716400000, 0x0000000716400000, 0x0000000716600000|  0%| F|  |TAMS 0x0000000716400000, 0x0000000716400000| Untracked 
|  76|0x0000000716600000, 0x0000000716600000, 0x0000000716800000|  0%| F|  |TAMS 0x0000000716600000, 0x0000000716600000| Untracked 
|  77|0x0000000716800000, 0x0000000716800000, 0x0000000716a00000|  0%| F|  |TAMS 0x0000000716800000, 0x0000000716800000| Untracked 
|  78|0x0000000716a00000, 0x0000000716a00000, 0x0000000716c00000|  0%| F|  |TAMS 0x0000000716a00000, 0x0000000716a00000| Untracked 
|  79|0x0000000716c00000, 0x0000000716c00000, 0x0000000716e00000|  0%| F|  |TAMS 0x0000000716c00000, 0x0000000716c00000| Untracked 
|  80|0x0000000716e00000, 0x0000000716e00000, 0x0000000717000000|  0%| F|  |TAMS 0x0000000716e00000, 0x0000000716e00000| Untracked 
|  81|0x0000000717000000, 0x0000000717000000, 0x0000000717200000|  0%| F|  |TAMS 0x0000000717000000, 0x0000000717000000| Untracked 
|  82|0x0000000717200000, 0x0000000717200000, 0x0000000717400000|  0%| F|  |TAMS 0x0000000717200000, 0x0000000717200000| Untracked 
|  83|0x0000000717400000, 0x0000000717400000, 0x0000000717600000|  0%| F|  |TAMS 0x0000000717400000, 0x0000000717400000| Untracked 
|  84|0x0000000717600000, 0x0000000717600000, 0x0000000717800000|  0%| F|  |TAMS 0x0000000717600000, 0x0000000717600000| Untracked 
|  85|0x0000000717800000, 0x0000000717800000, 0x0000000717a00000|  0%| F|  |TAMS 0x0000000717800000, 0x0000000717800000| Untracked 
|  86|0x0000000717a00000, 0x0000000717a00000, 0x0000000717c00000|  0%| F|  |TAMS 0x0000000717a00000, 0x0000000717a00000| Untracked 
|  87|0x0000000717c00000, 0x0000000717c00000, 0x0000000717e00000|  0%| F|  |TAMS 0x0000000717c00000, 0x0000000717c00000| Untracked 
|  88|0x0000000717e00000, 0x0000000717e00000, 0x0000000718000000|  0%| F|  |TAMS 0x0000000717e00000, 0x0000000717e00000| Untracked 
|  89|0x0000000718000000, 0x0000000718000000, 0x0000000718200000|  0%| F|  |TAMS 0x0000000718000000, 0x0000000718000000| Untracked 
|  90|0x0000000718200000, 0x00000007182f2da8, 0x0000000718400000| 47%| E|  |TAMS 0x0000000718200000, 0x0000000718200000| Complete 
|  91|0x0000000718400000, 0x00000007184bbe20, 0x0000000718600000| 36%| S|CS|TAMS 0x0000000718400000, 0x0000000718400000| Complete 
|  92|0x0000000718600000, 0x0000000718800000, 0x0000000718800000|100%| S|CS|TAMS 0x0000000718600000, 0x0000000718600000| Complete 
|  93|0x0000000718800000, 0x0000000718a00000, 0x0000000718a00000|100%| E|CS|TAMS 0x0000000718800000, 0x0000000718800000| Complete 
|  94|0x0000000718a00000, 0x0000000718c00000, 0x0000000718c00000|100%| E|CS|TAMS 0x0000000718a00000, 0x0000000718a00000| Complete 
|  95|0x0000000718c00000, 0x0000000718e00000, 0x0000000718e00000|100%| E|CS|TAMS 0x0000000718c00000, 0x0000000718c00000| Complete 
|  96|0x0000000718e00000, 0x0000000719000000, 0x0000000719000000|100%| E|CS|TAMS 0x0000000718e00000, 0x0000000718e00000| Complete 
|  97|0x0000000719000000, 0x0000000719200000, 0x0000000719200000|100%| E|CS|TAMS 0x0000000719000000, 0x0000000719000000| Complete 
|  98|0x0000000719200000, 0x0000000719400000, 0x0000000719400000|100%| E|CS|TAMS 0x0000000719200000, 0x0000000719200000| Complete 
|  99|0x0000000719400000, 0x0000000719600000, 0x0000000719600000|100%| E|CS|TAMS 0x0000000719400000, 0x0000000719400000| Complete 
| 100|0x0000000719600000, 0x0000000719800000, 0x0000000719800000|100%| E|CS|TAMS 0x0000000719600000, 0x0000000719600000| Complete 
| 101|0x0000000719800000, 0x0000000719a00000, 0x0000000719a00000|100%| E|CS|TAMS 0x0000000719800000, 0x0000000719800000| Complete 
| 102|0x0000000719a00000, 0x0000000719c00000, 0x0000000719c00000|100%| E|CS|TAMS 0x0000000719a00000, 0x0000000719a00000| Complete 
| 103|0x0000000719c00000, 0x0000000719e00000, 0x0000000719e00000|100%| E|CS|TAMS 0x0000000719c00000, 0x0000000719c00000| Complete 
| 104|0x0000000719e00000, 0x000000071a000000, 0x000000071a000000|100%| E|CS|TAMS 0x0000000719e00000, 0x0000000719e00000| Complete 
| 105|0x000000071a000000, 0x000000071a200000, 0x000000071a200000|100%| E|CS|TAMS 0x000000071a000000, 0x000000071a000000| Complete 
| 106|0x000000071a200000, 0x000000071a400000, 0x000000071a400000|100%| E|CS|TAMS 0x000000071a200000, 0x000000071a200000| Complete 
| 107|0x000000071a400000, 0x000000071a600000, 0x000000071a600000|100%| E|CS|TAMS 0x000000071a400000, 0x000000071a400000| Complete 
| 108|0x000000071a600000, 0x000000071a800000, 0x000000071a800000|100%| E|CS|TAMS 0x000000071a600000, 0x000000071a600000| Complete 
| 109|0x000000071a800000, 0x000000071aa00000, 0x000000071aa00000|100%| E|CS|TAMS 0x000000071a800000, 0x000000071a800000| Complete 
| 110|0x000000071aa00000, 0x000000071ac00000, 0x000000071ac00000|100%| E|CS|TAMS 0x000000071aa00000, 0x000000071aa00000| Complete 
| 111|0x000000071ac00000, 0x000000071ae00000, 0x000000071ae00000|100%| E|CS|TAMS 0x000000071ac00000, 0x000000071ac00000| Complete 
| 112|0x000000071ae00000, 0x000000071b000000, 0x000000071b000000|100%| E|CS|TAMS 0x000000071ae00000, 0x000000071ae00000| Complete 
| 113|0x000000071b000000, 0x000000071b200000, 0x000000071b200000|100%| E|CS|TAMS 0x000000071b000000, 0x000000071b000000| Complete 
| 114|0x000000071b200000, 0x000000071b400000, 0x000000071b400000|100%| E|CS|TAMS 0x000000071b200000, 0x000000071b200000| Complete 
| 115|0x000000071b400000, 0x000000071b600000, 0x000000071b600000|100%| E|CS|TAMS 0x000000071b400000, 0x000000071b400000| Complete 
| 116|0x000000071b600000, 0x000000071b800000, 0x000000071b800000|100%| E|CS|TAMS 0x000000071b600000, 0x000000071b600000| Complete 
| 117|0x000000071b800000, 0x000000071ba00000, 0x000000071ba00000|100%| E|CS|TAMS 0x000000071b800000, 0x000000071b800000| Complete 
| 118|0x000000071ba00000, 0x000000071bc00000, 0x000000071bc00000|100%| E|CS|TAMS 0x000000071ba00000, 0x000000071ba00000| Complete 
| 119|0x000000071bc00000, 0x000000071be00000, 0x000000071be00000|100%| E|CS|TAMS 0x000000071bc00000, 0x000000071bc00000| Complete 
| 120|0x000000071be00000, 0x000000071c000000, 0x000000071c000000|100%| E|CS|TAMS 0x000000071be00000, 0x000000071be00000| Complete 
| 121|0x000000071c000000, 0x000000071c200000, 0x000000071c200000|100%| E|CS|TAMS 0x000000071c000000, 0x000000071c000000| Complete 

Card table byte_map: [0x0000021bb1630000,0x0000021bb1dd0000] _byte_map_base: 0x0000021baddc9000

Marking Bits (Prev, Next): (CMBitMap*) 0x0000021b9a10a460, (CMBitMap*) 0x0000021b9a10a4a0
 Prev Bits: [0x0000021bb2570000, 0x0000021bb6238000)
 Next Bits: [0x0000021bb6240000, 0x0000021bb9f08000)

Polling page: 0x0000021b98070000

Metaspace:

Usage:
  Non-class:      8.39 MB used.
      Class:    954.58 KB used.
       Both:      9.32 MB used.

Virtual space:
  Non-class space:       64.00 MB reserved,       8.50 MB ( 13%) committed,  1 nodes.
      Class space:        1.00 GB reserved,       1.00 MB ( <1%) committed,  1 nodes.
             Both:        1.06 GB reserved,       9.50 MB ( <1%) committed. 

Chunk freelists:
   Non-Class:  6.97 MB
       Class:  15.00 MB
        Both:  21.98 MB

MaxMetaspaceSize: unlimited
CompressedClassSpaceSize: 1.00 GB
Initial GC threshold: 21.00 MB
Current GC threshold: 21.00 MB
CDS: on
MetaspaceReclaimPolicy: balanced
 - commit_granule_bytes: 65536.
 - commit_granule_words: 8192.
 - virtual_space_node_default_size: 8388608.
 - enlarge_chunks_in_place: 1.
 - new_chunks_are_fully_committed: 0.
 - uncommit_free_chunks: 1.
 - use_allocation_guard: 0.
 - handle_deallocations: 1.


Internal statistics:

num_allocs_failed_limit: 0.
num_arena_births: 128.
num_arena_deaths: 0.
num_vsnodes_births: 2.
num_vsnodes_deaths: 0.
num_space_committed: 152.
num_space_uncommitted: 0.
num_chunks_returned_to_freelist: 0.
num_chunks_taken_from_freelist: 188.
num_chunk_merges: 0.
num_chunk_splits: 107.
num_chunks_enlarged: 45.
num_purges: 0.
num_inconsistent_stats: 0.

CodeHeap 'non-profiled nmethods': size=120000Kb used=1237Kb max_used=1237Kb free=118762Kb
 bounds [0x0000021ba9410000, 0x0000021ba9680000, 0x0000021bb0940000]
CodeHeap 'profiled nmethods': size=120000Kb used=3915Kb max_used=3915Kb free=116084Kb
 bounds [0x0000021ba1940000, 0x0000021ba1d20000, 0x0000021ba8e70000]
CodeHeap 'non-nmethods': size=5760Kb used=1284Kb max_used=1331Kb free=4476Kb
 bounds [0x0000021ba8e70000, 0x0000021ba90e0000, 0x0000021ba9410000]
 total_blobs=2796 nmethods=2186 adapters=522
 compilation: enabled
              stopped_count=0, restarted_count=0
 full_count=0

Compilation events (20 events):
Event: 36.550 Thread 0x0000021bbcbb9540 2178       3       java.io.OutputStream::flush (1 bytes)
Event: 36.550 Thread 0x0000021bbcbb9540 nmethod 2178 0x0000021ba1d11790 code [0x0000021ba1d11920, 0x0000021ba1d11a38]
Event: 37.484 Thread 0x0000021bbcbb3da0 2179       4       java.lang.String::getBytes (44 bytes)
Event: 37.485 Thread 0x0000021bbcbb3da0 nmethod 2179 0x0000021ba9543790 code [0x0000021ba9543900, 0x0000021ba9543a38]
Event: 38.051 Thread 0x0000021bbcbb3da0 2180       4       java.lang.StringConcatHelper::mix (27 bytes)
Event: 38.052 Thread 0x0000021bbcbb3da0 nmethod 2180 0x0000021ba9543b90 code [0x0000021ba9543d00, 0x0000021ba9543db8]
Event: 38.501 Thread 0x0000021bbcbb3da0 2181       4       java.lang.StringConcatHelper::prepend (37 bytes)
Event: 38.503 Thread 0x0000021bbcbb3da0 nmethod 2181 0x0000021ba9543f10 code [0x0000021ba95440a0, 0x0000021ba9544218]
Event: 38.550 Thread 0x0000021bbcbb9540 2182       3       java.io.PrintStream::ensureOpen (18 bytes)
Event: 38.550 Thread 0x0000021bbcbb9540 nmethod 2182 0x0000021ba1d11b10 code [0x0000021ba1d11cc0, 0x0000021ba1d11ec8]
Event: 38.550 Thread 0x0000021bbcbb9540 2183  s    3       java.io.BufferedOutputStream::flush (12 bytes)
Event: 38.551 Thread 0x0000021bbcbb9540 nmethod 2183 0x0000021ba1d11f90 code [0x0000021ba1d12160, 0x0000021ba1d12578]
Event: 38.817 Thread 0x0000021bbcbb3da0 2184       4       java.lang.String::getChars (54 bytes)
Event: 38.820 Thread 0x0000021bbcbb3da0 nmethod 2184 0x0000021ba9544390 code [0x0000021ba9544520, 0x0000021ba9544878]
Event: 41.200 Thread 0x0000021bbcbb3da0 2185       4       java.awt.geom.AffineTransform::equals (92 bytes)
Event: 41.202 Thread 0x0000021bbcbb3da0 nmethod 2185 0x0000021ba9544b10 code [0x0000021ba9544ca0, 0x0000021ba9544ed8]
Event: 41.550 Thread 0x0000021bbcbb9540 2186       3       java.lang.Integer::getChars (131 bytes)
Event: 41.550 Thread 0x0000021bbcbb9540 nmethod 2186 0x0000021ba1d12690 code [0x0000021ba1d12860, 0x0000021ba1d12c98]
Event: 42.617 Thread 0x0000021bbcbb3da0 2187       4       java.util.ArrayList::contains (14 bytes)
Event: 42.621 Thread 0x0000021bbcbb3da0 nmethod 2187 0x0000021ba9545010 code [0x0000021ba95451a0, 0x0000021ba9545518]

GC Heap History (6 events):
Event: 0.439 GC heap before
{Heap before GC invocations=0 (full 0):
 garbage-first heap   total 249856K, used 22528K [0x000000070ce00000, 0x0000000800000000)
  region size 2048K, 11 young (22528K), 0 survivors (0K)
 Metaspace       used 6672K, committed 6848K, reserved 1114112K
  class space    used 674K, committed 768K, reserved 1048576K
}
Event: 0.443 GC heap after
{Heap after GC invocations=1 (full 0):
 garbage-first heap   total 249856K, used 8408K [0x000000070ce00000, 0x0000000800000000)
  region size 2048K, 2 young (4096K), 2 survivors (4096K)
 Metaspace       used 6672K, committed 6848K, reserved 1114112K
  class space    used 674K, committed 768K, reserved 1048576K
}
Event: 3.968 GC heap before
{Heap before GC invocations=1 (full 0):
 garbage-first heap   total 249856K, used 35032K [0x000000070ce00000, 0x0000000800000000)
  region size 2048K, 13 young (26624K), 2 survivors (4096K)
 Metaspace       used 9234K, committed 9408K, reserved 1114112K
  class space    used 948K, committed 1024K, reserved 1048576K
}
Event: 3.970 GC heap after
{Heap after GC invocations=2 (full 0):
 garbage-first heap   total 249856K, used 17027K [0x000000070ce00000, 0x0000000800000000)
  region size 2048K, 2 young (4096K), 2 survivors (4096K)
 Metaspace       used 9234K, committed 9408K, reserved 1114112K
  class space    used 948K, committed 1024K, reserved 1048576K
}
Event: 22.368 GC heap before
{Heap before GC invocations=2 (full 0):
 garbage-first heap   total 249856K, used 72323K [0x000000070ce00000, 0x0000000800000000)
  region size 2048K, 29 young (59392K), 2 survivors (4096K)
 Metaspace       used 9520K, committed 9728K, reserved 1114112K
  class space    used 951K, committed 1024K, reserved 1048576K
}
Event: 22.369 GC heap after
{Heap after GC invocations=3 (full 0):
 garbage-first heap   total 249856K, used 16307K [0x000000070ce00000, 0x0000000800000000)
  region size 2048K, 2 young (4096K), 2 survivors (4096K)
 Metaspace       used 9520K, committed 9728K, reserved 1114112K
  class space    used 951K, committed 1024K, reserved 1048576K
}

Deoptimization events (20 events):
Event: 31.013 Thread 0x0000021b9310f060 Uncommon trap: trap_request=0xffffffde fr.pc=0x0000021ba951308c relative=0x00000000000007ac
Event: 31.013 Thread 0x0000021b9310f060 Uncommon trap: reason=class_check action=maybe_recompile pc=0x0000021ba951308c method=java.awt.EventQueue.setCurrentEventAndMostRecentTimeImpl(Ljava/awt/AWTEvent;)V @ 134 c2
Event: 31.013 Thread 0x0000021b9310f060 DEOPT PACKING pc=0x0000021ba951308c sp=0x00000068fa4fe490
Event: 31.013 Thread 0x0000021b9310f060 DEOPT UNPACKING pc=0x0000021ba8ec23a3 sp=0x00000068fa4fe430 mode 2
Event: 31.013 Thread 0x0000021b9310f060 Uncommon trap: trap_request=0xffffffde fr.pc=0x0000021ba951b650 relative=0x00000000000078d0
Event: 31.013 Thread 0x0000021b9310f060 Uncommon trap: reason=class_check action=maybe_recompile pc=0x0000021ba951b650 method=java.awt.EventQueue.getAccessControlContextFrom(Ljava/lang/Object;)Ljava/security/AccessControlContext; @ 8 c2
Event: 31.013 Thread 0x0000021b9310f060 DEOPT PACKING pc=0x0000021ba951b650 sp=0x00000068fa4fdf70
Event: 31.013 Thread 0x0000021b9310f060 DEOPT UNPACKING pc=0x0000021ba8ec23a3 sp=0x00000068fa4fdf58 mode 2
Event: 31.013 Thread 0x0000021b9310f060 Uncommon trap: trap_request=0xffffffde fr.pc=0x0000021ba951308c relative=0x00000000000007ac
Event: 31.013 Thread 0x0000021b9310f060 Uncommon trap: reason=class_check action=maybe_recompile pc=0x0000021ba951308c method=java.awt.EventQueue.setCurrentEventAndMostRecentTimeImpl(Ljava/awt/AWTEvent;)V @ 134 c2
Event: 31.013 Thread 0x0000021b9310f060 DEOPT PACKING pc=0x0000021ba951308c sp=0x00000068fa4fdac0
Event: 31.013 Thread 0x0000021b9310f060 DEOPT UNPACKING pc=0x0000021ba8ec23a3 sp=0x00000068fa4fda60 mode 2
Event: 31.013 Thread 0x0000021b9310f060 Uncommon trap: trap_request=0xffffffde fr.pc=0x0000021ba951308c relative=0x00000000000007ac
Event: 31.013 Thread 0x0000021b9310f060 Uncommon trap: reason=class_check action=maybe_recompile pc=0x0000021ba951308c method=java.awt.EventQueue.setCurrentEventAndMostRecentTimeImpl(Ljava/awt/AWTEvent;)V @ 134 c2
Event: 31.013 Thread 0x0000021b9310f060 DEOPT PACKING pc=0x0000021ba951308c sp=0x00000068fa4fd510
Event: 31.013 Thread 0x0000021b9310f060 DEOPT UNPACKING pc=0x0000021ba8ec23a3 sp=0x00000068fa4fd4b0 mode 2
Event: 31.014 Thread 0x0000021b9310f060 Uncommon trap: trap_request=0xffffffde fr.pc=0x0000021ba951b3f4 relative=0x0000000000007674
Event: 31.014 Thread 0x0000021b9310f060 Uncommon trap: reason=class_check action=maybe_recompile pc=0x0000021ba951b3f4 method=java.awt.EventQueue.setCurrentEventAndMostRecentTimeImpl(Ljava/awt/AWTEvent;)V @ 134 c2
Event: 31.014 Thread 0x0000021b9310f060 DEOPT PACKING pc=0x0000021ba951b3f4 sp=0x00000068fa4fee20
Event: 31.014 Thread 0x0000021b9310f060 DEOPT UNPACKING pc=0x0000021ba8ec23a3 sp=0x00000068fa4feb40 mode 2

Classes unloaded (0 events):
No events

Classes redefined (0 events):
No events

Internal exceptions (17 events):
Event: 0.060 Thread 0x0000021bfe1df420 Exception <a 'java/lang/NoSuchMethodError'{0x000000071be75968}: 'java.lang.Object java.lang.invoke.DirectMethodHandle$Holder.invokeStaticInit(java.lang.Object)'> (0x000000071be75968) 
thrown [s\open\src\hotspot\share\interpreter\linkResolver.cpp, line 759]
Event: 0.064 Thread 0x0000021bfe1df420 Exception <a 'java/lang/NoSuchMethodError'{0x000000071be83628}: 'void java.lang.invoke.DirectMethodHandle$Holder.invokeStatic(java.lang.Object, java.lang.Object)'> (0x000000071be83628) 
thrown [s\open\src\hotspot\share\interpreter\linkResolver.cpp, line 759]
Event: 0.066 Thread 0x0000021b9a0a1640 Exception <a 'java/lang/ClassNotFoundException'{0x000000071be31640}: sun/awt/resources/spi/awtProvider> (0x000000071be31640) 
thrown [s\open\src\hotspot\share\classfile\systemDictionary.cpp, line 256]
Event: 0.079 Thread 0x0000021b9a0a1640 Exception <a 'java/io/FileNotFoundException'{0x000000071bef5418}> (0x000000071bef5418) 
thrown [s\open\src\hotspot\share\prims\jni.cpp, line 516]
Event: 0.083 Thread 0x0000021b9a0a1640 Exception <a 'java/io/FileNotFoundException'{0x000000071bf22340}> (0x000000071bf22340) 
thrown [s\open\src\hotspot\share\prims\jni.cpp, line 516]
Event: 0.176 Thread 0x0000021b9a0a1640 Exception <a 'java/lang/NoSuchMethodError'{0x000000071bfa3a50}: 'void java.lang.invoke.DirectMethodHandle$Holder.invokeSpecial(java.lang.Object, java.lang.Object, java.lang.Object)'> (0x000000071bfa3a50) 
thrown [s\open\src\hotspot\share\interpreter\linkResolver.cpp, line 759]
Event: 0.180 Thread 0x0000021b9a0a1640 Exception <a 'java/lang/NoSuchMethodError'{0x000000071bc0b110}: 'java.lang.Object java.lang.invoke.DirectMethodHandle$Holder.newInvokeSpecial(java.lang.Object, java.lang.Object, java.lang.Object, java.lang.Object, java.lang.Object)'> (0x000000071bc0b110) 
thrown [s\open\src\hotspot\share\interpreter\linkResolver.cpp, line 759]
Event: 0.181 Thread 0x0000021b9a0a1640 Exception <a 'java/lang/NoSuchMethodError'{0x000000071bc16ad8}: 'java.lang.Object java.lang.invoke.DirectMethodHandle$Holder.invokeStatic(java.lang.Object, int, java.lang.Object, java.lang.Object, java.lang.Object, java.lang.Object)'> (0x000000071bc16ad8) 
thrown [s\open\src\hotspot\share\interpreter\linkResolver.cpp, line 759]
Event: 0.184 Thread 0x0000021b9a0a1640 Exception <a 'java/lang/NoSuchMethodError'{0x000000071bc3c298}: 'java.lang.Object java.lang.invoke.DirectMethodHandle$Holder.invokeStatic(java.lang.Object, int, java.lang.Object)'> (0x000000071bc3c298) 
thrown [s\open\src\hotspot\share\interpreter\linkResolver.cpp, line 759]
Event: 0.198 Thread 0x0000021b9a0a1640 Exception <a 'java/lang/ClassNotFoundException'{0x000000071bcf45e0}: com/sun/swing/internal/plaf/metal/resources/spi/metalProvider> (0x000000071bcf45e0) 
thrown [s\open\src\hotspot\share\classfile\systemDictionary.cpp, line 256]
Event: 0.199 Thread 0x0000021b9a0a1640 Exception <a 'java/lang/ClassNotFoundException'{0x000000071bcf81e0}: com/sun/swing/internal/plaf/basic/resources/spi/basicProvider> (0x000000071bcf81e0) 
thrown [s\open\src\hotspot\share\classfile\systemDictionary.cpp, line 256]
Event: 0.220 Thread 0x0000021b9a0a1640 Exception <a 'java/lang/NoSuchMethodError'{0x000000071bd7b140}: 'java.lang.Object java.lang.invoke.DirectMethodHandle$Holder.invokeStaticInit(java.lang.Object, int, int, int, int)'> (0x000000071bd7b140) 
thrown [s\open\src\hotspot\share\interpreter\linkResolver.cpp, line 759]
Event: 0.258 Thread 0x0000021b9a0a1640 Exception <a 'java/lang/NoSuchMethodError'{0x000000071ba186b0}: 'java.lang.Object java.lang.invoke.DirectMethodHandle$Holder.invokeStaticInit(java.lang.Object, java.lang.Object, int, int, int, int)'> (0x000000071ba186b0) 
thrown [s\open\src\hotspot\share\interpreter\linkResolver.cpp, line 759]
Event: 0.408 Thread 0x0000021b93143000 Exception <a 'java/lang/NoSuchMethodError'{0x000000071b1993b0}: 'java.lang.Object java.lang.invoke.DirectMethodHandle$Holder.newInvokeSpecial(java.lang.Object, java.lang.Object, java.lang.Object, int, int, int, int, int)'> (0x000000071b1993b0) 
thrown [s\open\src\hotspot\share\interpreter\linkResolver.cpp, line 759]
Event: 0.412 Thread 0x0000021b93143000 Exception <a 'java/lang/InterruptedException'{0x000000071ae79f88}: sleep interrupted> (0x000000071ae79f88) 
thrown [s\open\src\hotspot\share\prims\jvm.cpp, line 3044]
Event: 0.508 Thread 0x0000021bfe3aaad0 Exception <a 'java/lang/NoSuchMethodError'{0x000000071b951a00}: 'void java.lang.invoke.DirectMethodHandle$Holder.invokeVirtual(java.lang.Object, java.lang.Object)'> (0x000000071b951a00) 
thrown [s\open\src\hotspot\share\interpreter\linkResolver.cpp, line 759]
Event: 0.513 Thread 0x0000021b9a0a1640 Exception <a 'java/lang/NoSuchMethodError'{0x000000071c1bae68}: 'void java.lang.invoke.DirectMethodHandle$Holder.invokeStaticInit(java.lang.Object)'> (0x000000071c1bae68) 
thrown [s\open\src\hotspot\share\interpreter\linkResolver.cpp, line 759]

VM Operations (20 events):
Event: 22.120 Executing VM operation: Cleanup
Event: 22.120 Executing VM operation: Cleanup done
Event: 22.368 Executing VM operation: G1CollectForAllocation
Event: 22.369 Executing VM operation: G1CollectForAllocation done
Event: 23.383 Executing VM operation: Cleanup
Event: 23.383 Executing VM operation: Cleanup done
Event: 27.401 Executing VM operation: Cleanup
Event: 27.401 Executing VM operation: Cleanup done
Event: 28.402 Executing VM operation: Cleanup
Event: 28.402 Executing VM operation: Cleanup done
Event: 29.416 Executing VM operation: Cleanup
Event: 29.416 Executing VM operation: Cleanup done
Event: 30.427 Executing VM operation: Cleanup
Event: 30.427 Executing VM operation: Cleanup done
Event: 31.433 Executing VM operation: Cleanup
Event: 31.433 Executing VM operation: Cleanup done
Event: 34.450 Executing VM operation: Cleanup
Event: 34.450 Executing VM operation: Cleanup done
Event: 40.491 Executing VM operation: Cleanup
Event: 40.491 Executing VM operation: Cleanup done

Events (20 events):
Event: 5.507 Thread 0x0000021b93143000 Thread exited: 0x0000021b93143000
Event: 18.891 loading class java/awt/LightweightDispatcher$2
Event: 18.891 loading class java/awt/LightweightDispatcher$2 done
Event: 19.250 loading class java/security/DomainCombiner
Event: 19.250 loading class java/security/DomainCombiner done
Event: 30.533 loading class java/awt/event/MouseWheelEvent
Event: 30.534 loading class java/awt/event/MouseWheelEvent done
Event: 42.685 loading class jdk/internal/misc/Signal$1
Event: 42.685 loading class jdk/internal/misc/Signal$1 done
Event: 42.686 Thread 0x0000021b93451cd0 Thread added: 0x0000021b93451cd0
Event: 42.686 Thread 0x0000021b93452b40 Thread added: 0x0000021b93452b40
Event: 42.686 Thread 0x0000021b934534e0 Thread added: 0x0000021b934534e0
Event: 42.686 Thread 0x0000021b93451330 Thread added: 0x0000021b93451330
Event: 42.686 loading class java/util/WeakHashMap$KeyIterator
Event: 42.686 loading class java/util/WeakHashMap$HashIterator
Event: 42.686 Thread 0x0000021b934534e0 Thread exited: 0x0000021b934534e0
Event: 42.686 loading class java/util/WeakHashMap$HashIterator done
Event: 42.686 loading class java/util/WeakHashMap$KeyIterator done
Event: 42.686 Thread 0x0000021b93452b40 Thread exited: 0x0000021b93452b40
Event: 42.686 Thread 0x0000021b93450e60 Thread exited: 0x0000021b93450e60


Dynamic libraries:
0x00007ff7312a0000 - 0x00007ff7312b0000 	C:\Program Files\Java\jdk-17\bin\java.exe
0x00007ffa36250000 - 0x00007ffa36467000 	C:\WINDOWS\SYSTEM32\ntdll.dll
0x00007ffa35560000 - 0x00007ffa35624000 	C:\WINDOWS\System32\KERNEL32.DLL
0x00007ffa33580000 - 0x00007ffa3392c000 	C:\WINDOWS\System32\KERNELBASE.dll
0x00007ffa33e40000 - 0x00007ffa33f51000 	C:\WINDOWS\System32\ucrtbase.dll
0x00007ffa2dcc0000 - 0x00007ffa2dcdb000 	C:\Program Files\Java\jdk-17\bin\VCRUNTIME140.dll
0x00007ffa2dc80000 - 0x00007ffa2dc99000 	C:\Program Files\Java\jdk-17\bin\jli.dll
0x00007ffa35f70000 - 0x00007ffa36022000 	C:\WINDOWS\System32\ADVAPI32.dll
0x00007ffa34590000 - 0x00007ffa34637000 	C:\WINDOWS\System32\msvcrt.dll
0x00007ffa35630000 - 0x00007ffa356da000 	C:\WINDOWS\System32\sechost.dll
0x00007ffa33b10000 - 0x00007ffa33b38000 	C:\WINDOWS\System32\bcrypt.dll
0x00007ffa35730000 - 0x00007ffa35845000 	C:\WINDOWS\System32\RPCRT4.dll
0x00007ffa35bc0000 - 0x00007ffa35d6e000 	C:\WINDOWS\System32\USER32.dll
0x00007ffa33f60000 - 0x00007ffa33f86000 	C:\WINDOWS\System32\win32u.dll
0x00007ffa29d60000 - 0x00007ffa29ff3000 	C:\WINDOWS\WinSxS\amd64_microsoft.windows.common-controls_6595b64144ccf1df_6.0.22621.3672_none_2713b9d173822955\COMCTL32.dll
0x00007ffa35f40000 - 0x00007ffa35f69000 	C:\WINDOWS\System32\GDI32.dll
0x00007ffa33d20000 - 0x00007ffa33e39000 	C:\WINDOWS\System32\gdi32full.dll
0x00007ffa33bc0000 - 0x00007ffa33c5a000 	C:\WINDOWS\System32\msvcp_win.dll
0x00007ffa2ccf0000 - 0x00007ffa2ccfa000 	C:\WINDOWS\SYSTEM32\VERSION.dll
0x00007ffa35520000 - 0x00007ffa35551000 	C:\WINDOWS\System32\IMM32.DLL
0x00007ffa2e660000 - 0x00007ffa2e66c000 	C:\Program Files\Java\jdk-17\bin\vcruntime140_1.dll
0x00007ffa1f350000 - 0x00007ffa1f3de000 	C:\Program Files\Java\jdk-17\bin\msvcp140.dll
0x00007ff9eaf10000 - 0x00007ff9ebaee000 	C:\Program Files\Java\jdk-17\bin\server\jvm.dll
0x00007ffa34bc0000 - 0x00007ffa34bc8000 	C:\WINDOWS\System32\PSAPI.DLL
0x00007ffa300a0000 - 0x00007ffa300a9000 	C:\WINDOWS\SYSTEM32\WSOCK32.dll
0x00007ffa2dab0000 - 0x00007ffa2dae4000 	C:\WINDOWS\SYSTEM32\WINMM.dll
0x00007ffa34790000 - 0x00007ffa34801000 	C:\WINDOWS\System32\WS2_32.dll
0x00007ffa325b0000 - 0x00007ffa325c8000 	C:\WINDOWS\SYSTEM32\kernel.appcore.dll
0x00007ffa2dc70000 - 0x00007ffa2dc7a000 	C:\Program Files\Java\jdk-17\bin\jimage.dll
0x00007ffa30f50000 - 0x00007ffa31182000 	C:\WINDOWS\SYSTEM32\DBGHELP.DLL
0x00007ffa34830000 - 0x00007ffa34bb8000 	C:\WINDOWS\System32\combase.dll
0x00007ffa35430000 - 0x00007ffa35507000 	C:\WINDOWS\System32\OLEAUT32.dll
0x00007ffa298e0000 - 0x00007ffa29912000 	C:\WINDOWS\SYSTEM32\dbgcore.DLL
0x00007ffa33b40000 - 0x00007ffa33bbb000 	C:\WINDOWS\System32\bcryptPrimitives.dll
0x00007ffa2dc60000 - 0x00007ffa2dc6e000 	C:\Program Files\Java\jdk-17\bin\instrument.dll
0x00007ffa1f320000 - 0x00007ffa1f345000 	C:\Program Files\Java\jdk-17\bin\java.dll
0x00007ffa15fa0000 - 0x00007ffa16077000 	C:\Program Files\Java\jdk-17\bin\jsvml.dll
0x00007ffa34bd0000 - 0x00007ffa3542c000 	C:\WINDOWS\System32\SHELL32.dll
0x00007ffa314d0000 - 0x00007ffa31dc7000 	C:\WINDOWS\SYSTEM32\windows.storage.dll
0x00007ffa31390000 - 0x00007ffa314cf000 	C:\WINDOWS\SYSTEM32\wintypes.dll
0x00007ffa34490000 - 0x00007ffa34584000 	C:\WINDOWS\System32\SHCORE.dll
0x00007ffa35a00000 - 0x00007ffa35a5e000 	C:\WINDOWS\System32\shlwapi.dll
0x00007ffa334b0000 - 0x00007ffa334d1000 	C:\WINDOWS\SYSTEM32\profapi.dll
0x00007ffa2d1b0000 - 0x00007ffa2d1c8000 	C:\Program Files\Java\jdk-17\bin\zip.dll
0x00007ffa2dc40000 - 0x00007ffa2dc59000 	C:\Program Files\Java\jdk-17\bin\net.dll
0x00007ffa2f390000 - 0x00007ffa2f4c6000 	C:\WINDOWS\SYSTEM32\WINHTTP.dll
0x00007ffa32a20000 - 0x00007ffa32a89000 	C:\WINDOWS\system32\mswsock.dll
0x00007ffa2d2a0000 - 0x00007ffa2d2b6000 	C:\Program Files\Java\jdk-17\bin\nio.dll
0x00007ffa1f870000 - 0x00007ffa1f88a000 	C:\Program Files\JetBrains\IntelliJ IDEA Community Edition 2024.1\bin\breakgen64.dll
0x00007ff9f0da0000 - 0x00007ff9f0f31000 	C:\Program Files\Java\jdk-17\bin\awt.dll
0x00007ffa2bf30000 - 0x00007ffa2bfc7000 	C:\WINDOWS\SYSTEM32\apphelp.dll
0x00007ffa30990000 - 0x00007ffa309bb000 	C:\WINDOWS\system32\DWMAPI.DLL
0x00007ffa30700000 - 0x00007ffa307aa000 	C:\WINDOWS\system32\uxtheme.dll
0x00007ff9e3b40000 - 0x00007ff9e3c40000 	C:\WINDOWS\system32\opengl32.dll
0x00007ff9e4cd0000 - 0x00007ff9e4cfd000 	C:\WINDOWS\SYSTEM32\GLU32.dll
0x00007ffa30820000 - 0x00007ffa30859000 	C:\WINDOWS\SYSTEM32\dxcore.dll
0x00007ffa35a60000 - 0x00007ffa35bb3000 	C:\WINDOWS\System32\MSCTF.dll
0x00007ffa35850000 - 0x00007ffa359f5000 	C:\WINDOWS\System32\ole32.dll
0x00007ffa30860000 - 0x00007ffa30957000 	C:\WINDOWS\SYSTEM32\dxgi.dll
0x00007ffa32c80000 - 0x00007ffa32c9b000 	C:\WINDOWS\SYSTEM32\CRYPTSP.dll
0x00007ffa32510000 - 0x00007ffa32545000 	C:\WINDOWS\system32\rsaenh.dll
0x00007ffa32b20000 - 0x00007ffa32b48000 	C:\WINDOWS\SYSTEM32\USERENV.dll
0x00007ffa333f0000 - 0x00007ffa333fc000 	C:\WINDOWS\SYSTEM32\CRYPTBASE.dll
0x00007ffa32030000 - 0x00007ffa3205d000 	C:\WINDOWS\SYSTEM32\IPHLPAPI.DLL
0x00007ffa35d70000 - 0x00007ffa35d79000 	C:\WINDOWS\System32\NSI.dll
0x00007ffa2f100000 - 0x00007ffa2f119000 	C:\WINDOWS\SYSTEM32\dhcpcsvc6.DLL
0x00007ffa2f0e0000 - 0x00007ffa2f0ff000 	C:\WINDOWS\SYSTEM32\dhcpcsvc.DLL
0x00007ffa32060000 - 0x00007ffa32158000 	C:\WINDOWS\SYSTEM32\DNSAPI.dll
0x00007ffa02e60000 - 0x00007ffa02ee6000 	C:\Program Files\Java\jdk-17\bin\freetype.dll
0x00007ff9fed30000 - 0x00007ff9fee03000 	C:\Program Files\Java\jdk-17\bin\fontmanager.dll
0x00007ffa19570000 - 0x00007ffa196bd000 	C:\WINDOWS\SYSTEM32\textinputframework.dll
0x00007ffa2bb30000 - 0x00007ffa2bc63000 	C:\WINDOWS\SYSTEM32\CoreMessaging.dll
0x00007ffa27dc0000 - 0x00007ffa2812d000 	C:\WINDOWS\SYSTEM32\CoreUIComponents.dll

dbghelp: loaded successfully - version: 4.0.5 - missing functions: none
symbol engine: initialized successfully - sym options: 0x614 - pdb path: .;C:\Program Files\Java\jdk-17\bin;C:\WINDOWS\SYSTEM32;C:\WINDOWS\WinSxS\amd64_microsoft.windows.common-controls_6595b64144ccf1df_6.0.22621.3672_none_2713b9d173822955;C:\Program Files\Java\jdk-17\bin\server;C:\Program Files\JetBrains\IntelliJ IDEA Community Edition 2024.1\bin;C:\WINDOWS\System32\DriverStore\FileRepository\u0395565.inf_amd64_952d340e4545144e\B395243

VM Arguments:
jvm_args: -javaagent:C:\Program Files\JetBrains\IntelliJ IDEA Community Edition 2024.1\lib\idea_rt.jar=58559:C:\Program Files\JetBrains\IntelliJ IDEA Community Edition 2024.1\bin -Dfile.encoding=UTF-8 
java_command: main.Main
java_class_path (initial): C:\Users\syncb\OneDrive\Desktop\Slay the Empire\out\production\Slay the Empire SWING
Launcher Type: SUN_STANDARD

[Global flags]
     intx CICompilerCount                          = 4                                         {product} {ergonomic}
     uint ConcGCThreads                            = 3                                         {product} {ergonomic}
     uint G1ConcRefinementThreads                  = 10                                        {product} {ergonomic}
   size_t G1HeapRegionSize                         = 2097152                                   {product} {ergonomic}
    uintx GCDrainStackTargetSize                   = 64                                        {product} {ergonomic}
   size_t InitialHeapSize                          = 255852544                                 {product} {ergonomic}
   size_t MarkStackSize                            = 4194304                                   {product} {ergonomic}
   size_t MaxHeapSize                              = 4078960640                                {product} {ergonomic}
   size_t MaxNewSize                               = 2447376384                                {product} {ergonomic}
   size_t MinHeapDeltaBytes                        = 2097152                                   {product} {ergonomic}
   size_t MinHeapSize                              = 8388608                                   {product} {ergonomic}
    uintx NonNMethodCodeHeapSize                   = 5839372                                {pd product} {ergonomic}
    uintx NonProfiledCodeHeapSize                  = 122909434                              {pd product} {ergonomic}
    uintx ProfiledCodeHeapSize                     = 122909434                              {pd product} {ergonomic}
    uintx ReservedCodeCacheSize                    = 251658240                              {pd product} {ergonomic}
     bool SegmentedCodeCache                       = true                                      {product} {ergonomic}
   size_t SoftMaxHeapSize                          = 4078960640                             {manageable} {ergonomic}
     bool UseCompressedClassPointers               = true                           {product lp64_product} {ergonomic}
     bool UseCompressedOops                        = true                           {product lp64_product} {ergonomic}
     bool UseG1GC                                  = true                                      {product} {ergonomic}
     bool UseLargePagesIndividualAllocation        = false                                  {pd product} {ergonomic}

Logging:
Log output configuration:
 #0: stdout all=warning uptime,level,tags
 #1: stderr all=off uptime,level,tags

Environment Variables:
PATH=C:\Program Files (x86)\VMware\VMware Player\bin\;C:\Program Files\Common Files\Oracle\Java\javapath;C:\Windows\system32;C:\Windows;C:\Windows\System32\Wbem;C:\Windows\System32\WindowsPowerShell\v1.0\;C:\Windows\System32\OpenSSH\;C:\Program Files (x86)\NVIDIA Corporation\PhysX\Common;C:\Program Files\NVIDIA Corporation\NVIDIA NvDLISR;C:\WINDOWS\system32;C:\WINDOWS;C:\WINDOWS\System32\Wbem;C:\WINDOWS\System32\WindowsPowerShell\v1.0\;C:\WINDOWS\System32\OpenSSH\;C:\Program Files (x86)\Windows Kits\10\Windows Performance Toolkit\;C:\Program Files\Git\cmd;C:\msys64\ucrt64\bin;C:\Users\syncb\AppData\Local\Programs\Microsoft VS Code\bin
USERNAME=syncb
OS=Windows_NT
PROCESSOR_IDENTIFIER=AMD64 Family 25 Model 68 Stepping 1, AuthenticAMD



---------------  S Y S T E M  ---------------

OS:
 Windows 11 , 64 bit Build 22621 (10.0.22621.3672)
OS uptime: 4 days 9:12 hours

CPU: total 12 (initial active 12) (12 cores per cpu, 2 threads per core) family 25 model 68 stepping 1 microcode 0x0, cx8, cmov, fxsr, ht, mmx, 3dnowpref, sse, sse2, sse3, ssse3, sse4a, sse4.1, sse4.2, popcnt, lzcnt, tsc, tscinvbit, avx, avx2, aes, clmul, bmi1, bmi2, adx, sha, fma, vzeroupper, clflush, clflushopt

Memory: 4k page, system-wide physical 15557M (1658M free)
TotalPageFile size 32804M (AvailPageFile size 4251M)
current process WorkingSet (physical memory assigned to process): 148M, peak: 211M
current process commit charge ("private bytes"): 405M, peak: 464M

vm_info: Java HotSpot(TM) 64-Bit Server VM (17.0.8+9-LTS-211) for windows-amd64 JRE (17.0.8+9-LTS-211), built on Jun 14 2023 10:34:31 by "mach5one" with MS VC++ 17.1 (VS2022)

END.
